Arguments: 
  /Users/yamadaayumu/.nvm/versions/node/v16.15.0/bin/node /opt/homebrew/Cellar/yarn/1.22.19/libexec/bin/yarn.js install

PATH: 
  /usr/local/bin:/usr/local/sbin:/opt/homebrew/bin:/Users/yamadaayumu/.nvm/versions/node/v16.15.0/bin:/opt/homebrew/bin:/opt/homebrew/sbin:/usr/local/bin:/usr/bin:/bin:/usr/sbin:/sbin:/Users/yamadaayumu/WebstormProjects/yarn-workspace/node_modules/.bin

Yarn version: 
  1.22.19

Node version: 
  16.15.0

Platform: 
  darwin arm64

Trace: 
  SyntaxError: /Users/yamadaayumu/WebstormProjects/yarn-workspace/common/package.json: Unexpected token } in JSON at position 44
      at JSON.parse (<anonymous>)
      at /opt/homebrew/Cellar/yarn/1.22.19/libexec/lib/cli.js:1629:59
      at Generator.next (<anonymous>)
      at step (/opt/homebrew/Cellar/yarn/1.22.19/libexec/lib/cli.js:310:30)
      at /opt/homebrew/Cellar/yarn/1.22.19/libexec/lib/cli.js:321:13

npm manifest: 
  {
    "name": "common",
    "version": "1.0.0",
  }

yarn manifest: 
  No manifest

Lockfile: 
  No lockfile
